Using pre-set license
Built from '2020.3/release' branch; Version is '2020.3.2f1 (8fd9074bf66c) revision 9427207'; Using compiler version '192528614'; Build Type 'Release'
OS: 'Windows 10 Home; OS build 19041.928; Version 2004; 64bit' Language: 'en' Physical Memory: 16191 MB
BatchMode: 1, IsHumanControllingUs: 0, StartBugReporterOnCrash: 0, Is64bit: 1, IsPro: 0

 COMMAND LINE ARGUMENTS:
D:\UnityEditor\2020.3.2f1\Editor\Unity.exe
-adb2
-batchMode
-noUpm
-name
AssetImportWorker0
-projectPath
D:/TPKGames/Final Projects/ZombieSurvival00/ZombieSurvival00
-logFile
Logs/AssetImportWorker0.log
-srvPort
50967
Successfully changed project path to: D:/TPKGames/Final Projects/ZombieSurvival00/ZombieSurvival00
D:/TPKGames/Final Projects/ZombieSurvival00/ZombieSurvival00
Using Asset Import Pipeline V2.
Refreshing native plugins compatible for Editor in 45.34 ms, found 0 plugins.
Preloading 0 native plugins for Editor in 0.00 ms.
Initialize engine version: 2020.3.2f1 (8fd9074bf66c)
[Subsystems] Discovering subsystems at path D:/UnityEditor/2020.3.2f1/Editor/Data/Resources/UnitySubsystems
[Subsystems] Discovering subsystems at path D:/TPKGames/Final Projects/ZombieSurvival00/ZombieSurvival00/Assets
GfxDevice: creating device client; threaded=0
Direct3D:
    Version:  Direct3D 11.0 [level 11.1]
    Renderer: NVIDIA GeForce GTX 1660 Ti (ID=0x2191)
    Vendor:   
    VRAM:     5991 MB
    Driver:   27.21.14.6192
Initialize mono
Mono path[0] = 'D:/UnityEditor/2020.3.2f1/Editor/Data/Managed'
Mono path[1] = 'D:/UnityEditor/2020.3.2f1/Editor/Data/MonoBleedingEdge/lib/mono/unityjit'
Mono config path = 'D:/UnityEditor/2020.3.2f1/Editor/Data/MonoBleedingEdge/etc'
Using monoOptions --debugger-agent=transport=dt_socket,embedding=1,server=y,suspend=n,address=127.0.0.1:56832
Begin MonoManager ReloadAssembly
Registering precompiled unity dll's ...
Register platform support module: D:/UnityEditor/2020.3.2f1/Editor/Data/PlaybackEngines/WebGLSupport/UnityEditor.WebGL.Extensions.dll
Register platform support module: D:/UnityEditor/2020.3.2f1/Editor/Data/PlaybackEngines/WindowsStandaloneSupport/UnityEditor.WindowsStandalone.Extensions.dll
Registered in 0.002385 seconds.
Native extension for WindowsStandalone target not found
Native extension for WebGL target not found
Refreshing native plugins compatible for Editor in 55.21 ms, found 0 plugins.
Preloading 0 native plugins for Editor in 0.00 ms.
Invoked RoslynAnalysisRunner static constructor.
RoslynAnalysisRunner will not be running.
RoslynAnalysisRunner has terminated.
Mono: successfully reloaded assembly
- Completed reload, in  2.513 seconds
Platform modules already initialized, skipping
Registering precompiled user dll's ...
Registered in 0.001106 seconds.
Begin MonoManager ReloadAssembly
Native extension for WindowsStandalone target not found
Native extension for WebGL target not found
Refreshing native plugins compatible for Editor in 0.63 ms, found 0 plugins.
Preloading 0 native plugins for Editor in 0.00 ms.
Invoked RoslynAnalysisRunner static constructor.
RoslynAnalysisRunner will not be running.
RoslynAnalysisRunner has terminated.
Mono: successfully reloaded assembly
- Completed reload, in  1.041 seconds
Platform modules already initialized, skipping
========================================================================
Worker process is ready to serve import requests
Launched and connected shader compiler UnityShaderCompiler.exe after 0.06 seconds
Refreshing native plugins compatible for Editor in 0.62 ms, found 0 plugins.
Preloading 0 native plugins for Editor in 0.00 ms.
Unloading 1284 Unused Serialized files (Serialized files now loaded: 0)
System memory in use before: 75.1 MB.
System memory in use after: 75.1 MB.

Unloading 32 unused Assets to reduce memory usage. Loaded Objects now: 1723.
Total: 2.711900 ms (FindLiveObjects: 0.357100 ms CreateObjectMapping: 0.173300 ms MarkObjects: 2.041100 ms  DeleteObjects: 0.138400 ms)

========================================================================
Received Import Request.
  path: Assets/Script/AdManager.cs
  artifactKey: Guid(a01c6e938c3fe0b4f8e399094149c636) Importer(815301076,1909f56bfc062723c751e8b465ee728b)
Start importing Assets/Script/AdManager.cs using Guid(a01c6e938c3fe0b4f8e399094149c636) Importer(815301076,1909f56bfc062723c751e8b465ee728b)  -> (artifact id: '8c1725598804c3ac6902ea2eff1b1181') in 0.029314 seconds
  Import took 0.031981 seconds .

========================================================================
Received Prepare
Registering precompiled user dll's ...
Registered in 0.001164 seconds.
Begin MonoManager ReloadAssembly
Native extension for WindowsStandalone target not found
Native extension for WebGL target not found
Refreshing native plugins compatible for Editor in 0.83 ms, found 0 plugins.
Preloading 0 native plugins for Editor in 0.00 ms.
Invoked RoslynAnalysisRunner static constructor.
RoslynAnalysisRunner will not be running.
RoslynAnalysisRunner has terminated.
Mono: successfully reloaded assembly
- Completed reload, in  1.012 seconds
Platform modules already initialized, skipping
Refreshing native plugins compatible for Editor in 0.55 ms, found 0 plugins.
Preloading 0 native plugins for Editor in 0.00 ms.
Unloading 1278 Unused Serialized files (Serialized files now loaded: 0)
System memory in use before: 74.9 MB.
System memory in use after: 75.0 MB.

Unloading 27 unused Assets to reduce memory usage. Loaded Objects now: 1726.
Total: 2.613600 ms (FindLiveObjects: 0.315100 ms CreateObjectMapping: 0.059300 ms MarkObjects: 2.211000 ms  DeleteObjects: 0.025800 ms)

========================================================================
Received Prepare
Registering precompiled user dll's ...
Registered in 0.001098 seconds.
Begin MonoManager ReloadAssembly
Native extension for WindowsStandalone target not found
Native extension for WebGL target not found
Refreshing native plugins compatible for Editor in 0.64 ms, found 0 plugins.
Preloading 0 native plugins for Editor in 0.00 ms.
Invoked RoslynAnalysisRunner static constructor.
RoslynAnalysisRunner will not be running.
RoslynAnalysisRunner has terminated.
Mono: successfully reloaded assembly
- Completed reload, in  0.969 seconds
Platform modules already initialized, skipping
Refreshing native plugins compatible for Editor in 0.63 ms, found 0 plugins.
Preloading 0 native plugins for Editor in 0.00 ms.
Unloading 1278 Unused Serialized files (Serialized files now loaded: 0)
System memory in use before: 75.0 MB.
System memory in use after: 75.1 MB.

Unloading 27 unused Assets to reduce memory usage. Loaded Objects now: 1729.
Total: 2.186500 ms (FindLiveObjects: 0.270500 ms CreateObjectMapping: 0.054100 ms MarkObjects: 1.829800 ms  DeleteObjects: 0.030700 ms)

========================================================================
Received Import Request.
  Time since last request: 162.705457 seconds.
  path: Assets/Script/AdManager.cs
  artifactKey: Guid(a01c6e938c3fe0b4f8e399094149c636) Importer(815301076,1909f56bfc062723c751e8b465ee728b)
Start importing Assets/Script/AdManager.cs using Guid(a01c6e938c3fe0b4f8e399094149c636) Importer(815301076,1909f56bfc062723c751e8b465ee728b)  -> (artifact id: 'e99cc7b6544937566c5debebb965d10b') in 0.005936 seconds
  Import took 0.008503 seconds .

========================================================================
Received Prepare
Registering precompiled user dll's ...
Registered in 0.001038 seconds.
Begin MonoManager ReloadAssembly
Native extension for WindowsStandalone target not found
Native extension for WebGL target not found
Refreshing native plugins compatible for Editor in 0.69 ms, found 0 plugins.
Preloading 0 native plugins for Editor in 0.00 ms.
Invoked RoslynAnalysisRunner static constructor.
RoslynAnalysisRunner will not be running.
RoslynAnalysisRunner has terminated.
Mono: successfully reloaded assembly
- Completed reload, in  1.020 seconds
Platform modules already initialized, skipping
Refreshing native plugins compatible for Editor in 0.64 ms, found 0 plugins.
Preloading 0 native plugins for Editor in 0.00 ms.
Unloading 1278 Unused Serialized files (Serialized files now loaded: 0)
System memory in use before: 75.0 MB.
System memory in use after: 75.1 MB.

Unloading 27 unused Assets to reduce memory usage. Loaded Objects now: 1732.
Total: 2.580100 ms (FindLiveObjects: 0.341300 ms CreateObjectMapping: 0.104200 ms MarkObjects: 2.106000 ms  DeleteObjects: 0.026500 ms)

========================================================================
Received Import Request.
  Time since last request: 102.285047 seconds.
  path: Assets/Prefabs/zombie01.prefab
  artifactKey: Guid(daa2803c4c566094aa025cd77b771f75) Importer(815301076,1909f56bfc062723c751e8b465ee728b)
Start importing Assets/Prefabs/zombie01.prefab using Guid(daa2803c4c566094aa025cd77b771f75) Importer(815301076,1909f56bfc062723c751e8b465ee728b)  -> (artifact id: '6a2e5748ebb7f1a4027a1715e58ca357') in 0.290218 seconds
  Import took 0.293522 seconds .

========================================================================
Received Import Request.
  Time since last request: 0.219342 seconds.
  path: Assets/Prefabs/Human01 1.prefab
  artifactKey: Guid(aff5473a912d28b44927de2c336e76d6) Importer(815301076,1909f56bfc062723c751e8b465ee728b)
Start importing Assets/Prefabs/Human01 1.prefab using Guid(aff5473a912d28b44927de2c336e76d6) Importer(815301076,1909f56bfc062723c751e8b465ee728b)  -> (artifact id: '6018b22938e0dfbd1312573d549d274e') in 0.016882 seconds
  Import took 0.036255 seconds .

========================================================================
Received Import Request.
  Time since last request: 0.008372 seconds.
  path: Assets/Prefabs/Human01 1.prefab
  artifactKey: Guid(aff5473a912d28b44927de2c336e76d6) Importer(815301076,1909f56bfc062723c751e8b465ee728b)
Start importing Assets/Prefabs/Human01 1.prefab using Guid(aff5473a912d28b44927de2c336e76d6) Importer(815301076,1909f56bfc062723c751e8b465ee728b)  -> (artifact id: '6018b22938e0dfbd1312573d549d274e') in 0.018636 seconds
  Import took 0.022403 seconds .

========================================================================
Received Prepare
Registering precompiled user dll's ...
Registered in 0.001322 seconds.
Begin MonoManager ReloadAssembly
Native extension for WindowsStandalone target not found
Native extension for WebGL target not found
Refreshing native plugins compatible for Editor in 0.74 ms, found 0 plugins.
Preloading 0 native plugins for Editor in 0.00 ms.
Invoked RoslynAnalysisRunner static constructor.
RoslynAnalysisRunner will not be running.
RoslynAnalysisRunner has terminated.
Mono: successfully reloaded assembly
- Completed reload, in  1.045 seconds
Platform modules already initialized, skipping
Refreshing native plugins compatible for Editor in 0.72 ms, found 0 plugins.
Preloading 0 native plugins for Editor in 0.00 ms.
Unloading 1278 Unused Serialized files (Serialized files now loaded: 0)
System memory in use before: 91.7 MB.
System memory in use after: 91.8 MB.

Unloading 27 unused Assets to reduce memory usage. Loaded Objects now: 1744.
Total: 2.223200 ms (FindLiveObjects: 0.208900 ms CreateObjectMapping: 0.033800 ms MarkObjects: 1.950100 ms  DeleteObjects: 0.028300 ms)

========================================================================
Received Import Request.
  Time since last request: 345.052171 seconds.
  path: Assets/Script/AdManager.cs
  artifactKey: Guid(a01c6e938c3fe0b4f8e399094149c636) Importer(815301076,1909f56bfc062723c751e8b465ee728b)
Start importing Assets/Script/AdManager.cs using Guid(a01c6e938c3fe0b4f8e399094149c636) Importer(815301076,1909f56bfc062723c751e8b465ee728b)  -> (artifact id: '8d11801183b82b5da2e252eb5f6d50aa') in 0.006772 seconds
  Import took 0.041526 seconds .

========================================================================
Received Import Request.
  Time since last request: 18.428033 seconds.
  path: Assets/Script/AdManager.cs
  artifactKey: Guid(a01c6e938c3fe0b4f8e399094149c636) Importer(815301076,1909f56bfc062723c751e8b465ee728b)
Start importing Assets/Script/AdManager.cs using Guid(a01c6e938c3fe0b4f8e399094149c636) Importer(815301076,1909f56bfc062723c751e8b465ee728b)  -> (artifact id: 'b789ece82d57229ed4013c437a2f0db2') in 0.007887 seconds
  Import took 0.011356 seconds .

========================================================================
Received Import Request.
  Time since last request: 16.616373 seconds.
  path: Assets/Script/AdManager.cs
  artifactKey: Guid(a01c6e938c3fe0b4f8e399094149c636) Importer(815301076,1909f56bfc062723c751e8b465ee728b)
Start importing Assets/Script/AdManager.cs using Guid(a01c6e938c3fe0b4f8e399094149c636) Importer(815301076,1909f56bfc062723c751e8b465ee728b)  -> (artifact id: '14404cc8551104acfc00b766548dc83b') in 0.005320 seconds
  Import took 0.008287 seconds .

========================================================================
Received Prepare
Registering precompiled user dll's ...
Registered in 0.001662 seconds.
Begin MonoManager ReloadAssembly
Native extension for WindowsStandalone target not found
Native extension for WebGL target not found
Refreshing native plugins compatible for Editor in 0.58 ms, found 0 plugins.
Preloading 0 native plugins for Editor in 0.00 ms.
Invoked RoslynAnalysisRunner static constructor.
RoslynAnalysisRunner will not be running.
RoslynAnalysisRunner has terminated.
Mono: successfully reloaded assembly
- Completed reload, in  0.947 seconds
Platform modules already initialized, skipping
Refreshing native plugins compatible for Editor in 0.63 ms, found 0 plugins.
Preloading 0 native plugins for Editor in 0.00 ms.
Unloading 1278 Unused Serialized files (Serialized files now loaded: 0)
System memory in use before: 91.7 MB.
System memory in use after: 91.8 MB.

Unloading 27 unused Assets to reduce memory usage. Loaded Objects now: 1747.
Total: 2.747100 ms (FindLiveObjects: 0.220300 ms CreateObjectMapping: 0.046200 ms MarkObjects: 2.441500 ms  DeleteObjects: 0.037300 ms)

========================================================================
Received Import Request.
  Time since last request: 16.253932 seconds.
  path: Assets/Script/AdManager.cs
  artifactKey: Guid(a01c6e938c3fe0b4f8e399094149c636) Importer(815301076,1909f56bfc062723c751e8b465ee728b)
Start importing Assets/Script/AdManager.cs using Guid(a01c6e938c3fe0b4f8e399094149c636) Importer(815301076,1909f56bfc062723c751e8b465ee728b)  -> (artifact id: '870c94608d91955af5432956b02e1140') in 0.006126 seconds
  Import took 0.043768 seconds .

========================================================================
Received Import Request.
  Time since last request: 2.483440 seconds.
  path: Assets/Script/AdManager.cs
  artifactKey: Guid(a01c6e938c3fe0b4f8e399094149c636) Importer(815301076,1909f56bfc062723c751e8b465ee728b)
Start importing Assets/Script/AdManager.cs using Guid(a01c6e938c3fe0b4f8e399094149c636) Importer(815301076,1909f56bfc062723c751e8b465ee728b)  -> (artifact id: '870c94608d91955af5432956b02e1140') in 0.003267 seconds
  Import took 0.006255 seconds .

========================================================================
Received Prepare
Registering precompiled user dll's ...
Registered in 0.001027 seconds.
Begin MonoManager ReloadAssembly
Native extension for WindowsStandalone target not found
Native extension for WebGL target not found
Refreshing native plugins compatible for Editor in 0.59 ms, found 0 plugins.
Preloading 0 native plugins for Editor in 0.00 ms.
Invoked RoslynAnalysisRunner static constructor.
RoslynAnalysisRunner will not be running.
RoslynAnalysisRunner has terminated.
Mono: successfully reloaded assembly
- Completed reload, in  0.948 seconds
Platform modules already initialized, skipping
Refreshing native plugins compatible for Editor in 0.58 ms, found 0 plugins.
Preloading 0 native plugins for Editor in 0.00 ms.
Unloading 1278 Unused Serialized files (Serialized files now loaded: 0)
System memory in use before: 91.7 MB.
System memory in use after: 91.8 MB.

Unloading 27 unused Assets to reduce memory usage. Loaded Objects now: 1750.
Total: 2.338600 ms (FindLiveObjects: 0.194500 ms CreateObjectMapping: 0.030300 ms MarkObjects: 2.083500 ms  DeleteObjects: 0.029000 ms)

========================================================================
Received Prepare
Registering precompiled user dll's ...
Registered in 0.001454 seconds.
Begin MonoManager ReloadAssembly
Native extension for WindowsStandalone target not found
Native extension for WebGL target not found
Refreshing native plugins compatible for Editor in 0.58 ms, found 0 plugins.
Preloading 0 native plugins for Editor in 0.00 ms.
Invoked RoslynAnalysisRunner static constructor.
RoslynAnalysisRunner will not be running.
RoslynAnalysisRunner has terminated.
Mono: successfully reloaded assembly
- Completed reload, in  0.946 seconds
Platform modules already initialized, skipping
Refreshing native plugins compatible for Editor in 0.88 ms, found 0 plugins.
Preloading 0 native plugins for Editor in 0.00 ms.
Unloading 1278 Unused Serialized files (Serialized files now loaded: 0)
System memory in use before: 91.7 MB.
System memory in use after: 91.8 MB.

Unloading 27 unused Assets to reduce memory usage. Loaded Objects now: 1753.
Total: 4.509200 ms (FindLiveObjects: 0.387200 ms CreateObjectMapping: 0.176200 ms MarkObjects: 3.915000 ms  DeleteObjects: 0.029100 ms)

========================================================================
Received Prepare
Registering precompiled user dll's ...
Registered in 0.002341 seconds.
Begin MonoManager ReloadAssembly
Native extension for WindowsStandalone target not found
Native extension for WebGL target not found
Refreshing native plugins compatible for Editor in 0.72 ms, found 0 plugins.
Preloading 0 native plugins for Editor in 0.00 ms.
Invoked RoslynAnalysisRunner static constructor.
RoslynAnalysisRunner will not be running.
RoslynAnalysisRunner has terminated.
Mono: successfully reloaded assembly
- Completed reload, in  1.230 seconds
Platform modules already initialized, skipping
Refreshing native plugins compatible for Editor in 0.78 ms, found 0 plugins.
Preloading 0 native plugins for Editor in 0.00 ms.
Unloading 1278 Unused Serialized files (Serialized files now loaded: 0)
System memory in use before: 91.8 MB.
System memory in use after: 91.9 MB.

Unloading 27 unused Assets to reduce memory usage. Loaded Objects now: 1756.
Total: 2.638700 ms (FindLiveObjects: 0.258400 ms CreateObjectMapping: 0.044100 ms MarkObjects: 2.304500 ms  DeleteObjects: 0.030300 ms)

========================================================================
Received Prepare
Registering precompiled user dll's ...
Registered in 0.001061 seconds.
Begin MonoManager ReloadAssembly
Native extension for WindowsStandalone target not found
Native extension for WebGL target not found
Refreshing native plugins compatible for Editor in 0.73 ms, found 0 plugins.
Preloading 0 native plugins for Editor in 0.00 ms.
Invoked RoslynAnalysisRunner static constructor.
RoslynAnalysisRunner will not be running.
RoslynAnalysisRunner has terminated.
Mono: successfully reloaded assembly
- Completed reload, in  0.985 seconds
Platform modules already initialized, skipping
Refreshing native plugins compatible for Editor in 0.83 ms, found 0 plugins.
Preloading 0 native plugins for Editor in 0.00 ms.
Unloading 1278 Unused Serialized files (Serialized files now loaded: 0)
System memory in use before: 91.8 MB.
System memory in use after: 91.9 MB.

Unloading 27 unused Assets to reduce memory usage. Loaded Objects now: 1759.
Total: 2.329300 ms (FindLiveObjects: 0.203300 ms CreateObjectMapping: 0.038200 ms MarkObjects: 2.058200 ms  DeleteObjects: 0.028100 ms)

========================================================================
Received Prepare
Registering precompiled user dll's ...
Registered in 0.001599 seconds.
Begin MonoManager ReloadAssembly
Native extension for WindowsStandalone target not found
Native extension for WebGL target not found
Refreshing native plugins compatible for Editor in 0.72 ms, found 0 plugins.
Preloading 0 native plugins for Editor in 0.00 ms.
Invoked RoslynAnalysisRunner static constructor.
RoslynAnalysisRunner will not be running.
RoslynAnalysisRunner has terminated.
Mono: successfully reloaded assembly
- Completed reload, in  0.950 seconds
Platform modules already initialized, skipping
Refreshing native plugins compatible for Editor in 0.57 ms, found 0 plugins.
Preloading 0 native plugins for Editor in 0.00 ms.
Unloading 1278 Unused Serialized files (Serialized files now loaded: 0)
System memory in use before: 91.8 MB.
System memory in use after: 91.9 MB.

Unloading 27 unused Assets to reduce memory usage. Loaded Objects now: 1762.
Total: 2.206500 ms (FindLiveObjects: 0.218500 ms CreateObjectMapping: 0.038200 ms MarkObjects: 1.921400 ms  DeleteObjects: 0.026800 ms)

========================================================================
Received Prepare
Registering precompiled user dll's ...
Registered in 0.001366 seconds.
Begin MonoManager ReloadAssembly
Native extension for WindowsStandalone target not found
Native extension for WebGL target not found
Refreshing native plugins compatible for Editor in 0.86 ms, found 0 plugins.
Preloading 0 native plugins for Editor in 0.00 ms.
Invoked RoslynAnalysisRunner static constructor.
RoslynAnalysisRunner will not be running.
RoslynAnalysisRunner has terminated.
Mono: successfully reloaded assembly
- Completed reload, in  0.986 seconds
Platform modules already initialized, skipping
Refreshing native plugins compatible for Editor in 0.63 ms, found 0 plugins.
Preloading 0 native plugins for Editor in 0.00 ms.
Unloading 1278 Unused Serialized files (Serialized files now loaded: 0)
System memory in use before: 91.8 MB.
System memory in use after: 91.9 MB.

Unloading 27 unused Assets to reduce memory usage. Loaded Objects now: 1765.
Total: 3.244700 ms (FindLiveObjects: 0.298200 ms CreateObjectMapping: 0.056900 ms MarkObjects: 2.856000 ms  DeleteObjects: 0.031400 ms)

========================================================================
Received Prepare
Registering precompiled user dll's ...
Registered in 0.001901 seconds.
Begin MonoManager ReloadAssembly
Native extension for WindowsStandalone target not found
Native extension for WebGL target not found
Refreshing native plugins compatible for Editor in 0.57 ms, found 0 plugins.
Preloading 0 native plugins for Editor in 0.00 ms.
Invoked RoslynAnalysisRunner static constructor.
RoslynAnalysisRunner will not be running.
RoslynAnalysisRunner has terminated.
Mono: successfully reloaded assembly
- Completed reload, in  0.955 seconds
Platform modules already initialized, skipping
Refreshing native plugins compatible for Editor in 0.66 ms, found 0 plugins.
Preloading 0 native plugins for Editor in 0.00 ms.
Unloading 1278 Unused Serialized files (Serialized files now loaded: 0)
System memory in use before: 91.8 MB.
System memory in use after: 91.9 MB.

Unloading 27 unused Assets to reduce memory usage. Loaded Objects now: 1768.
Total: 2.515500 ms (FindLiveObjects: 0.251100 ms CreateObjectMapping: 0.043800 ms MarkObjects: 2.191900 ms  DeleteObjects: 0.026900 ms)

========================================================================
Received Import Request.
  Time since last request: 1174.839135 seconds.
  path: Assets/Script/PlayerController.cs
  artifactKey: Guid(f4d3fd34879f55d4a91073528610a17f) Importer(815301076,1909f56bfc062723c751e8b465ee728b)
Start importing Assets/Script/PlayerController.cs using Guid(f4d3fd34879f55d4a91073528610a17f) Importer(815301076,1909f56bfc062723c751e8b465ee728b)  -> (artifact id: '712b9cfb71e1e5f7081e5f99d17fadaa') in 0.036421 seconds
  Import took 0.057906 seconds .

========================================================================
Received Import Request.
  Time since last request: 0.000241 seconds.
  path: Assets/Script/GameManager.cs
  artifactKey: Guid(3afcf6c6d52c2184fb830a459abcefe8) Importer(815301076,1909f56bfc062723c751e8b465ee728b)
Start importing Assets/Script/GameManager.cs using Guid(3afcf6c6d52c2184fb830a459abcefe8) Importer(815301076,1909f56bfc062723c751e8b465ee728b)  -> (artifact id: '3633ea25bc3b9e0dd0b62b65ecc67987') in 0.003637 seconds
  Import took 0.008071 seconds .

========================================================================
Received Import Request.
  Time since last request: 6.601539 seconds.
  path: Assets/Script/HealthController.cs
  artifactKey: Guid(f4d3fd34879f55d4a91073528610a17f) Importer(815301076,1909f56bfc062723c751e8b465ee728b)
Start importing Assets/Script/HealthController.cs using Guid(f4d3fd34879f55d4a91073528610a17f) Importer(815301076,1909f56bfc062723c751e8b465ee728b)  -> (artifact id: '5e87435dadfa9da03134bce3cc131c50') in 0.004212 seconds
  Import took 0.007428 seconds .

========================================================================
Received Prepare
Registering precompiled user dll's ...
Registered in 0.001437 seconds.
Begin MonoManager ReloadAssembly
Native extension for WindowsStandalone target not found
Native extension for WebGL target not found
Refreshing native plugins compatible for Editor in 0.65 ms, found 0 plugins.
Preloading 0 native plugins for Editor in 0.00 ms.
Invoked RoslynAnalysisRunner static constructor.
RoslynAnalysisRunner will not be running.
RoslynAnalysisRunner has terminated.
Mono: successfully reloaded assembly
- Completed reload, in  1.088 seconds
Platform modules already initialized, skipping
Refreshing native plugins compatible for Editor in 0.64 ms, found 0 plugins.
Preloading 0 native plugins for Editor in 0.00 ms.
Unloading 1278 Unused Serialized files (Serialized files now loaded: 0)
System memory in use before: 91.8 MB.
System memory in use after: 91.9 MB.

Unloading 27 unused Assets to reduce memory usage. Loaded Objects now: 1771.
Total: 2.558300 ms (FindLiveObjects: 0.206200 ms CreateObjectMapping: 0.036600 ms MarkObjects: 2.289500 ms  DeleteObjects: 0.024200 ms)

========================================================================
Received Prepare
Registering precompiled user dll's ...
Registered in 0.001177 seconds.
Begin MonoManager ReloadAssembly
Native extension for WindowsStandalone target not found
Native extension for WebGL target not found
Refreshing native plugins compatible for Editor in 0.69 ms, found 0 plugins.
Preloading 0 native plugins for Editor in 0.00 ms.
Invoked RoslynAnalysisRunner static constructor.
RoslynAnalysisRunner will not be running.
RoslynAnalysisRunner has terminated.
Mono: successfully reloaded assembly
- Completed reload, in  1.171 seconds
Platform modules already initialized, skipping
Refreshing native plugins compatible for Editor in 0.59 ms, found 0 plugins.
Preloading 0 native plugins for Editor in 0.00 ms.
Unloading 1278 Unused Serialized files (Serialized files now loaded: 0)
System memory in use before: 91.8 MB.
System memory in use after: 91.9 MB.

Unloading 27 unused Assets to reduce memory usage. Loaded Objects now: 1774.
Total: 2.680200 ms (FindLiveObjects: 0.453800 ms CreateObjectMapping: 0.058300 ms MarkObjects: 2.138400 ms  DeleteObjects: 0.028200 ms)

========================================================================
Received Import Request.
  Time since last request: 70.768100 seconds.
  path: Assets/Script/GameController.cs
  artifactKey: Guid(3afcf6c6d52c2184fb830a459abcefe8) Importer(815301076,1909f56bfc062723c751e8b465ee728b)
Start importing Assets/Script/GameController.cs using Guid(3afcf6c6d52c2184fb830a459abcefe8) Importer(815301076,1909f56bfc062723c751e8b465ee728b)  -> (artifact id: '762afb91494b9f423636ff43b53cbd8c') in 0.006594 seconds
  Import took 0.047938 seconds .

========================================================================
Received Prepare
Registering precompiled user dll's ...
Registered in 0.001432 seconds.
Begin MonoManager ReloadAssembly
Native extension for WindowsStandalone target not found
Native extension for WebGL target not found
Refreshing native plugins compatible for Editor in 0.91 ms, found 0 plugins.
Preloading 0 native plugins for Editor in 0.00 ms.
Invoked RoslynAnalysisRunner static constructor.
RoslynAnalysisRunner will not be running.
RoslynAnalysisRunner has terminated.
Mono: successfully reloaded assembly
- Completed reload, in  0.972 seconds
Platform modules already initialized, skipping
Refreshing native plugins compatible for Editor in 0.67 ms, found 0 plugins.
Preloading 0 native plugins for Editor in 0.00 ms.
Unloading 1278 Unused Serialized files (Serialized files now loaded: 0)
System memory in use before: 91.8 MB.
System memory in use after: 91.9 MB.

Unloading 27 unused Assets to reduce memory usage. Loaded Objects now: 1777.
Total: 3.099200 ms (FindLiveObjects: 0.219300 ms CreateObjectMapping: 0.046200 ms MarkObjects: 2.800400 ms  DeleteObjects: 0.031300 ms)

========================================================================
Received Prepare
Registering precompiled user dll's ...
Registered in 0.001727 seconds.
Begin MonoManager ReloadAssembly
Native extension for WindowsStandalone target not found
Native extension for WebGL target not found
Refreshing native plugins compatible for Editor in 0.59 ms, found 0 plugins.
Preloading 0 native plugins for Editor in 0.00 ms.
Invoked RoslynAnalysisRunner static constructor.
RoslynAnalysisRunner will not be running.
RoslynAnalysisRunner has terminated.
Mono: successfully reloaded assembly
- Completed reload, in  0.942 seconds
Platform modules already initialized, skipping
Refreshing native plugins compatible for Editor in 0.94 ms, found 0 plugins.
Preloading 0 native plugins for Editor in 0.00 ms.
Unloading 1278 Unused Serialized files (Serialized files now loaded: 0)
System memory in use before: 91.8 MB.
System memory in use after: 91.9 MB.

Unloading 27 unused Assets to reduce memory usage. Loaded Objects now: 1780.
Total: 2.082800 ms (FindLiveObjects: 0.210600 ms CreateObjectMapping: 0.038000 ms MarkObjects: 1.805800 ms  DeleteObjects: 0.026900 ms)

========================================================================
Received Import Request.
  Time since last request: 53.250984 seconds.
  path: Assets/Script/GameController.cs
  artifactKey: Guid(3afcf6c6d52c2184fb830a459abcefe8) Importer(815301076,1909f56bfc062723c751e8b465ee728b)
Start importing Assets/Script/GameController.cs using Guid(3afcf6c6d52c2184fb830a459abcefe8) Importer(815301076,1909f56bfc062723c751e8b465ee728b)  -> (artifact id: '1dfcb7c3d10537b62ed105b59ea98324') in 0.006188 seconds
  Import took 0.008962 seconds .

========================================================================
Received Prepare
Registering precompiled user dll's ...
Registered in 0.001239 seconds.
Begin MonoManager ReloadAssembly
Native extension for WindowsStandalone target not found
Native extension for WebGL target not found
Refreshing native plugins compatible for Editor in 0.60 ms, found 0 plugins.
Preloading 0 native plugins for Editor in 0.00 ms.
Invoked RoslynAnalysisRunner static constructor.
RoslynAnalysisRunner will not be running.
RoslynAnalysisRunner has terminated.
Mono: successfully reloaded assembly
- Completed reload, in  0.993 seconds
Platform modules already initialized, skipping
Refreshing native plugins compatible for Editor in 0.59 ms, found 0 plugins.
Preloading 0 native plugins for Editor in 0.00 ms.
Unloading 1278 Unused Serialized files (Serialized files now loaded: 0)
System memory in use before: 91.8 MB.
System memory in use after: 91.9 MB.

Unloading 27 unused Assets to reduce memory usage. Loaded Objects now: 1783.
Total: 2.854700 ms (FindLiveObjects: 0.344700 ms CreateObjectMapping: 0.078100 ms MarkObjects: 2.401100 ms  DeleteObjects: 0.029000 ms)

