Using pre-set license
Built from '2020.2/release' branch; Version is '2020.2.2f1 (068178b99f32) revision 426360'; Using compiler version '192528614'; Build Type 'Release'
OS: 'Windows 10 Home; OS build 19041.867; Version 2004; 64bit' Language: 'en' Physical Memory: 16191 MB
BatchMode: 1, IsHumanControllingUs: 0, StartBugReporterOnCrash: 0, Is64bit: 1, IsPro: 0

 COMMAND LINE ARGUMENTS:
D:\UnityEditor\2020.2.2f1\Editor\Unity.exe
-adb2
-batchMode
-noUpm
-name
AssetImportWorker0
-projectPath
D:/TPKGames/Final Projects/ZombieSurvival
-logFile
Logs/AssetImportWorker0.log
-srvPort
50262
Successfully changed project path to: D:/TPKGames/Final Projects/ZombieSurvival
D:/TPKGames/Final Projects/ZombieSurvival
Using Asset Import Pipeline V2.
Refreshing native plugins compatible for Editor in 28.33 ms, found 0 plugins.
Preloading 0 native plugins for Editor in 0.00 ms.
Initialize engine version: 2020.2.2f1 (068178b99f32)
[Subsystems] Discovering subsystems at path D:/UnityEditor/2020.2.2f1/Editor/Data/Resources/UnitySubsystems
[Subsystems] Discovering subsystems at path D:/TPKGames/Final Projects/ZombieSurvival/Assets
GfxDevice: creating device client; threaded=0
Direct3D:
    Version:  Direct3D 11.0 [level 11.1]
    Renderer: NVIDIA GeForce GTX 1660 Ti (ID=0x2191)
    Vendor:   
    VRAM:     5991 MB
    Driver:   27.21.14.6192
Initialize mono
Mono path[0] = 'D:/UnityEditor/2020.2.2f1/Editor/Data/Managed'
Mono path[1] = 'D:/UnityEditor/2020.2.2f1/Editor/Data/MonoBleedingEdge/lib/mono/unityjit'
Mono config path = 'D:/UnityEditor/2020.2.2f1/Editor/Data/MonoBleedingEdge/etc'
Using monoOptions --debugger-agent=transport=dt_socket,embedding=1,server=y,suspend=n,address=127.0.0.1:56112
Begin MonoManager ReloadAssembly
Registering precompiled unity dll's ...
Register platform support module: D:/UnityEditor/2020.2.2f1/Editor/Data/PlaybackEngines/WebGLSupport/UnityEditor.WebGL.Extensions.dll
Register platform support module: D:/UnityEditor/2020.2.2f1/Editor/Data/PlaybackEngines/WindowsStandaloneSupport/UnityEditor.WindowsStandalone.Extensions.dll
Registered in 0.002037 seconds.
Native extension for WindowsStandalone target not found
Native extension for WebGL target not found
Refreshing native plugins compatible for Editor in 30.86 ms, found 0 plugins.
Preloading 0 native plugins for Editor in 0.00 ms.
Invoked RoslynAnalysisRunner static constructor.
RoslynAnalysisRunner will not be running.
RoslynAnalysisRunner has terminated.
Mono: successfully reloaded assembly
- Completed reload, in  2.622 seconds
Platform modules already initialized, skipping
Registering precompiled user dll's ...
Registered in 0.002349 seconds.
Begin MonoManager ReloadAssembly
Native extension for WindowsStandalone target not found
Native extension for WebGL target not found
Refreshing native plugins compatible for Editor in 0.29 ms, found 0 plugins.
Preloading 0 native plugins for Editor in 0.00 ms.
Invoked RoslynAnalysisRunner static constructor.
RoslynAnalysisRunner will not be running.
RoslynAnalysisRunner has terminated.
Mono: successfully reloaded assembly
- Completed reload, in  1.269 seconds
Platform modules already initialized, skipping
========================================================================
Worker process is ready to serve import requests
Launched and connected shader compiler UnityShaderCompiler.exe after 0.07 seconds
Refreshing native plugins compatible for Editor in 0.36 ms, found 0 plugins.
Preloading 0 native plugins for Editor in 0.00 ms.
Unloading 1122 Unused Serialized files (Serialized files now loaded: 0)
System memory in use before: 69.2 MB.
System memory in use after: 69.2 MB.

Unloading 10 unused Assets to reduce memory usage. Loaded Objects now: 1577.
Total: 2.647700 ms (FindLiveObjects: 0.262500 ms CreateObjectMapping: 0.111200 ms MarkObjects: 2.128100 ms  DeleteObjects: 0.144100 ms)

========================================================================
Received Import Request.
  path: Assets/Joystick Pack/Prefabs/Variable Joystick.prefab
  artifactKey: Guid(ec536a7718376554185e4a856d5ae230) Importer(815301076,1909f56bfc062723c751e8b465ee728b)
Start importing Assets/Joystick Pack/Prefabs/Variable Joystick.prefab using Guid(ec536a7718376554185e4a856d5ae230) Importer(815301076,1909f56bfc062723c751e8b465ee728b)  -> (artifact id: '8fd5e3c2d9aef8675c14bfe0fded6154') in 0.083493 seconds
  Import took 0.086301 seconds .

========================================================================
Received Import Request.
  Time since last request: 0.000315 seconds.
  path: Assets/Joystick Pack/Prefabs
  artifactKey: Guid(d41e4075f56d1e1438b3af3673ec6081) Importer(815301076,1909f56bfc062723c751e8b465ee728b)
Start importing Assets/Joystick Pack/Prefabs using Guid(d41e4075f56d1e1438b3af3673ec6081) Importer(815301076,1909f56bfc062723c751e8b465ee728b)  -> (artifact id: '6b1ece4713dd62c74fa6ce640670d5a7') in 0.003129 seconds
  Import took 0.005511 seconds .

========================================================================
Received Import Request.
  Time since last request: 0.000255 seconds.
  path: Assets/Joystick Pack/Prefabs/Dynamic Joystick.prefab
  artifactKey: Guid(56fae09712773584fb63896d473a98ee) Importer(815301076,1909f56bfc062723c751e8b465ee728b)
Start importing Assets/Joystick Pack/Prefabs/Dynamic Joystick.prefab using Guid(56fae09712773584fb63896d473a98ee) Importer(815301076,1909f56bfc062723c751e8b465ee728b)  -> (artifact id: 'f8555b9e81735dcc63762a036746843f') in 0.007472 seconds
  Import took 0.010015 seconds .

========================================================================
Received Import Request.
  Time since last request: 0.000231 seconds.
  path: Assets/Joystick Pack/Prefabs/Fixed Joystick.prefab
  artifactKey: Guid(aaa2c939c0359ac4dbce3f49e8b90252) Importer(815301076,1909f56bfc062723c751e8b465ee728b)
Start importing Assets/Joystick Pack/Prefabs/Fixed Joystick.prefab using Guid(aaa2c939c0359ac4dbce3f49e8b90252) Importer(815301076,1909f56bfc062723c751e8b465ee728b)  -> (artifact id: '9d0c3f7a9b8f2b15ea70cf226157a340') in 0.007387 seconds
  Import took 0.009661 seconds .

========================================================================
Received Import Request.
  Time since last request: 0.000210 seconds.
  path: Assets/Joystick Pack/Prefabs/Floating Joystick.prefab
  artifactKey: Guid(0d230cc8be529a542a08cb878ab14b18) Importer(815301076,1909f56bfc062723c751e8b465ee728b)
Start importing Assets/Joystick Pack/Prefabs/Floating Joystick.prefab using Guid(0d230cc8be529a542a08cb878ab14b18) Importer(815301076,1909f56bfc062723c751e8b465ee728b)  -> (artifact id: 'ae6de7cee13887d62647a08321d481cb') in 0.006290 seconds
  Import took 0.008700 seconds .

========================================================================
Received Import Request.
  Time since last request: 87.834958 seconds.
  path: Assets/Joystick Pack/Scripts
  artifactKey: Guid(07b685cbd69eaf049b40883b45f5bae2) Importer(815301076,1909f56bfc062723c751e8b465ee728b)
Start importing Assets/Joystick Pack/Scripts using Guid(07b685cbd69eaf049b40883b45f5bae2) Importer(815301076,1909f56bfc062723c751e8b465ee728b)  -> (artifact id: '2e5eb08177204da1049361018e1584be') in 0.026004 seconds
  Import took 0.028431 seconds .

========================================================================
Received Import Request.
  Time since last request: 1.009907 seconds.
  path: Assets/Joystick Pack/Scripts/Joysticks
  artifactKey: Guid(30f674d88470a814e8648e216b61b9ef) Importer(815301076,1909f56bfc062723c751e8b465ee728b)
Start importing Assets/Joystick Pack/Scripts/Joysticks using Guid(30f674d88470a814e8648e216b61b9ef) Importer(815301076,1909f56bfc062723c751e8b465ee728b)  -> (artifact id: '50ba5e57dec3747a7d0b86c688c30bd2') in 0.004946 seconds
  Import took 0.007542 seconds .

========================================================================
Received Import Request.
  Time since last request: 0.913760 seconds.
  path: Assets/Joystick Pack/Scripts/Joysticks/FixedJoystick.cs
  artifactKey: Guid(45977bbae16431c46a013576a1aea384) Importer(815301076,1909f56bfc062723c751e8b465ee728b)
Start importing Assets/Joystick Pack/Scripts/Joysticks/FixedJoystick.cs using Guid(45977bbae16431c46a013576a1aea384) Importer(815301076,1909f56bfc062723c751e8b465ee728b)  -> (artifact id: '23f848f668f6f0267138df7ac39b64f2') in 0.023092 seconds
  Import took 0.025261 seconds .

========================================================================
Received Import Request.
  Time since last request: 1.504357 seconds.
  path: Assets/Joystick Pack/Scripts/Joysticks/FloatingJoystick.cs
  artifactKey: Guid(7a47f546fc70ec8428172694e78e4288) Importer(815301076,1909f56bfc062723c751e8b465ee728b)
Start importing Assets/Joystick Pack/Scripts/Joysticks/FloatingJoystick.cs using Guid(7a47f546fc70ec8428172694e78e4288) Importer(815301076,1909f56bfc062723c751e8b465ee728b)  -> (artifact id: '2f55d8e594b13468676f34826846b272') in 0.002964 seconds
  Import took 0.005146 seconds .

========================================================================
Received Import Request.
  Time since last request: 0.000639 seconds.
  path: Assets/Joystick Pack/Scripts/Joysticks/FloatingJoystick.cs
  artifactKey: Guid(7a47f546fc70ec8428172694e78e4288) Importer(815301076,1909f56bfc062723c751e8b465ee728b)
Start importing Assets/Joystick Pack/Scripts/Joysticks/FloatingJoystick.cs using Guid(7a47f546fc70ec8428172694e78e4288) Importer(815301076,1909f56bfc062723c751e8b465ee728b)  -> (artifact id: '2f55d8e594b13468676f34826846b272') in 0.084243 seconds
  Import took 0.086575 seconds .

========================================================================
Received Prepare
Registering precompiled user dll's ...
Registered in 0.000961 seconds.
Begin MonoManager ReloadAssembly
Native extension for WindowsStandalone target not found
Native extension for WebGL target not found
Refreshing native plugins compatible for Editor in 0.28 ms, found 0 plugins.
Preloading 0 native plugins for Editor in 0.00 ms.
Invoked RoslynAnalysisRunner static constructor.
RoslynAnalysisRunner will not be running.
RoslynAnalysisRunner has terminated.
Mono: successfully reloaded assembly
- Completed reload, in  0.908 seconds
Platform modules already initialized, skipping
Switching build target platform(5) subTarget(0) extendedPlatform(0) -> platform(9) subTarget(16777218) extendedPlatform(0)
Refreshing native plugins compatible for Editor in 0.27 ms, found 0 plugins.
Preloading 0 native plugins for Editor in 0.00 ms.
Unloading 1120 Unused Serialized files (Serialized files now loaded: 0)
System memory in use before: 68.9 MB.
System memory in use after: 69.0 MB.

Unloading 5 unused Assets to reduce memory usage. Loaded Objects now: 1579.
Total: 2.097800 ms (FindLiveObjects: 0.169300 ms CreateObjectMapping: 0.027400 ms MarkObjects: 1.791300 ms  DeleteObjects: 0.108500 ms)

AssetImportParameters requested are different than current active one (requested -> active):
  custom:graphics/normal-map-encoding: 01000000000000000000000000000000 -> 02000000000000000000000000000000
========================================================================
Received Prepare
Registering precompiled user dll's ...
Registered in 0.001491 seconds.
Begin MonoManager ReloadAssembly
Native extension for WindowsStandalone target not found
Native extension for WebGL target not found
Refreshing native plugins compatible for Editor in 0.28 ms, found 0 plugins.
Preloading 0 native plugins for Editor in 0.00 ms.
Invoked RoslynAnalysisRunner static constructor.
RoslynAnalysisRunner will not be running.
RoslynAnalysisRunner has terminated.
Mono: successfully reloaded assembly
- Completed reload, in  1.042 seconds
Platform modules already initialized, skipping
Switching build target platform(5) subTarget(0) extendedPlatform(0) -> platform(9) subTarget(16777218) extendedPlatform(0)
Refreshing native plugins compatible for Editor in 0.40 ms, found 0 plugins.
Preloading 0 native plugins for Editor in 0.00 ms.
Unloading 1120 Unused Serialized files (Serialized files now loaded: 0)
System memory in use before: 69.0 MB.
System memory in use after: 69.1 MB.

Unloading 5 unused Assets to reduce memory usage. Loaded Objects now: 1581.
Total: 3.455800 ms (FindLiveObjects: 0.268200 ms CreateObjectMapping: 0.074300 ms MarkObjects: 3.002900 ms  DeleteObjects: 0.108200 ms)

AssetImportParameters requested are different than current active one (requested -> active):
  custom:graphics/normal-map-encoding: 01000000000000000000000000000000 -> 02000000000000000000000000000000
========================================================================
Received Prepare
Registering precompiled user dll's ...
Registered in 0.001019 seconds.
Begin MonoManager ReloadAssembly
Native extension for WindowsStandalone target not found
Native extension for WebGL target not found
Refreshing native plugins compatible for Editor in 0.27 ms, found 0 plugins.
Preloading 0 native plugins for Editor in 0.00 ms.
Invoked RoslynAnalysisRunner static constructor.
RoslynAnalysisRunner will not be running.
RoslynAnalysisRunner has terminated.
Mono: successfully reloaded assembly
- Completed reload, in  0.979 seconds
Platform modules already initialized, skipping
Switching build target platform(5) subTarget(0) extendedPlatform(0) -> platform(9) subTarget(16777218) extendedPlatform(0)
Refreshing native plugins compatible for Editor in 0.40 ms, found 0 plugins.
Preloading 0 native plugins for Editor in 0.00 ms.
Unloading 1120 Unused Serialized files (Serialized files now loaded: 0)
System memory in use before: 69.2 MB.
System memory in use after: 69.3 MB.

Unloading 5 unused Assets to reduce memory usage. Loaded Objects now: 1583.
Total: 2.198800 ms (FindLiveObjects: 0.176000 ms CreateObjectMapping: 0.033500 ms MarkObjects: 1.856500 ms  DeleteObjects: 0.130000 ms)

AssetImportParameters requested are different than current active one (requested -> active):
  custom:graphics/normal-map-encoding: 01000000000000000000000000000000 -> 02000000000000000000000000000000
========================================================================
Received Import Request.
  Time since last request: 907.922256 seconds.
  path: Assets/Script/GameManager.cs
  artifactKey: Guid(3afcf6c6d52c2184fb830a459abcefe8) Importer(815301076,1909f56bfc062723c751e8b465ee728b)
Start importing Assets/Script/GameManager.cs using Guid(3afcf6c6d52c2184fb830a459abcefe8) Importer(815301076,1909f56bfc062723c751e8b465ee728b)  -> (artifact id: '21aa41a36bae88fc7f2d19d65acbae6b') in 0.006724 seconds
  Import took 0.009374 seconds .

========================================================================
Received Import Request.
  Time since last request: 0.888567 seconds.
  path: Assets/Script/ManagerControl.cs
  artifactKey: Guid(9e2d765e37d0746498cbb493abc9a26c) Importer(815301076,1909f56bfc062723c751e8b465ee728b)
Start importing Assets/Script/ManagerControl.cs using Guid(9e2d765e37d0746498cbb493abc9a26c) Importer(815301076,1909f56bfc062723c751e8b465ee728b)  -> (artifact id: '24ae0e9738d52b2abdaffc2a6d08dce7') in 0.037338 seconds
  Import took 0.039755 seconds .

========================================================================
Received Import Request.
  Time since last request: 0.001059 seconds.
  path: Assets/Script/ManagerControl.cs
  artifactKey: Guid(9e2d765e37d0746498cbb493abc9a26c) Importer(815301076,1909f56bfc062723c751e8b465ee728b)
Start importing Assets/Script/ManagerControl.cs using Guid(9e2d765e37d0746498cbb493abc9a26c) Importer(815301076,1909f56bfc062723c751e8b465ee728b)  -> (artifact id: '24ae0e9738d52b2abdaffc2a6d08dce7') in 0.016106 seconds
  Import took 0.018389 seconds .

========================================================================
Received Import Request.
  Time since last request: 0.469794 seconds.
  path: Assets/Script/ManagerJoystick.cs
  artifactKey: Guid(17818d3fae7ac1f48b00f82768428a54) Importer(815301076,1909f56bfc062723c751e8b465ee728b)
Start importing Assets/Script/ManagerJoystick.cs using Guid(17818d3fae7ac1f48b00f82768428a54) Importer(815301076,1909f56bfc062723c751e8b465ee728b)  -> (artifact id: '1f2c62904c5ceaa9f593902de08282f7') in 0.004259 seconds
  Import took 0.007198 seconds .

========================================================================
Received Import Request.
  Time since last request: 0.431054 seconds.
  path: Assets/Script/Player.cs
  artifactKey: Guid(a7ec947556048574daa8309e4b79d9a2) Importer(815301076,1909f56bfc062723c751e8b465ee728b)
Start importing Assets/Script/Player.cs using Guid(a7ec947556048574daa8309e4b79d9a2) Importer(815301076,1909f56bfc062723c751e8b465ee728b)  -> (artifact id: 'bf77793d48f867b596ad5a62d5dd6ca7') in 0.004712 seconds
  Import took 0.040930 seconds .

========================================================================
Received Import Request.
  Time since last request: 0.000787 seconds.
  path: Assets/Script/Player.cs
  artifactKey: Guid(a7ec947556048574daa8309e4b79d9a2) Importer(815301076,1909f56bfc062723c751e8b465ee728b)
Start importing Assets/Script/Player.cs using Guid(a7ec947556048574daa8309e4b79d9a2) Importer(815301076,1909f56bfc062723c751e8b465ee728b)  -> (artifact id: 'bf77793d48f867b596ad5a62d5dd6ca7') in 0.003136 seconds
  Import took 0.005434 seconds .

========================================================================
Received Import Request.
  Time since last request: 39.908455 seconds.
  path: Assets/Scenes/MainMenu.unity
  artifactKey: Guid(8589507aadaf28c40becff1808f45688) Importer(815301076,1909f56bfc062723c751e8b465ee728b)
Start importing Assets/Scenes/MainMenu.unity using Guid(8589507aadaf28c40becff1808f45688) Importer(815301076,1909f56bfc062723c751e8b465ee728b)  -> (artifact id: '4bacde0216d06c5f7e2cc85aaf4ee669') in 0.011858 seconds
  Import took 0.014424 seconds .

========================================================================
Received Import Request.
  Time since last request: 2635.524187 seconds.
  path: Assets/Scenes/barrier.fbx
  artifactKey: Guid(6002a1d3b1048a4469b454794033737e) Importer(815301076,1909f56bfc062723c751e8b465ee728b)
Start importing Assets/Scenes/barrier.fbx using Guid(6002a1d3b1048a4469b454794033737e) Importer(815301076,1909f56bfc062723c751e8b465ee728b)  -> (artifact id: 'ccabf7eb80c18d4f582590267fda68ce') in 0.340334 seconds
  Import took 0.375280 seconds .

========================================================================
Received Import Request.
  Time since last request: 18.926973 seconds.
  path: Assets/Prefabs/smallBuilding (1).prefab
  artifactKey: Guid(bc975b779a97a0a4bbbbadd2012ffe7f) Importer(815301076,1909f56bfc062723c751e8b465ee728b)
Start importing Assets/Prefabs/smallBuilding (1).prefab using Guid(bc975b779a97a0a4bbbbadd2012ffe7f) Importer(815301076,1909f56bfc062723c751e8b465ee728b)  -> (artifact id: 'c82df970dfc0ab9c474dc7dca4329edc') in 0.053213 seconds
  Import took 0.056735 seconds .

========================================================================
Received Import Request.
  Time since last request: 72.839398 seconds.
  path: Assets/Prefabs/barrier.prefab
  artifactKey: Guid(1e24c9ced5595824c9636f36b96cc61b) Importer(815301076,1909f56bfc062723c751e8b465ee728b)
Start importing Assets/Prefabs/barrier.prefab using Guid(1e24c9ced5595824c9636f36b96cc61b) Importer(815301076,1909f56bfc062723c751e8b465ee728b)  -> (artifact id: '5058f15e805532e9bb51ac7cb906b962') in 0.010725 seconds
  Import took 0.013391 seconds .

========================================================================
Received Import Request.
  Time since last request: 0.021157 seconds.
  path: Assets/Prefabs/barrier.prefab
  artifactKey: Guid(1e24c9ced5595824c9636f36b96cc61b) Importer(815301076,1909f56bfc062723c751e8b465ee728b)
Start importing Assets/Prefabs/barrier.prefab using Guid(1e24c9ced5595824c9636f36b96cc61b) Importer(815301076,1909f56bfc062723c751e8b465ee728b)  -> (artifact id: '5058f15e805532e9bb51ac7cb906b962') in 0.154070 seconds
  Import took 0.156762 seconds .

========================================================================
Received Import Request.
  Time since last request: 943.588142 seconds.
  path: Assets/Prefabs/New Terrain.asset
  artifactKey: Guid(19cbb6877eac41549a3f7c3cfd0d9dc7) Importer(815301076,1909f56bfc062723c751e8b465ee728b)
Start importing Assets/Prefabs/New Terrain.asset using Guid(19cbb6877eac41549a3f7c3cfd0d9dc7) Importer(815301076,1909f56bfc062723c751e8b465ee728b)  -> (artifact id: '201bd03b221567a2b61b8e10832af68d') in 0.036128 seconds
  Import took 0.038896 seconds .

AssetImportWorkerClient::OnTransportError - code=2 error=End of file
